Copyright 1986-2022 Xilinx, Inc. All Rights Reserved.
------------------------------------------------------------------------------------
| Tool Version : Vivado v.2022.1 (lin64) Build 3526262 Mon Apr 18 15:47:01 MDT 2022
| Date         : Mon Nov 14 20:35:44 2022
| Host         : shamama-Latitude-5411 running 64-bit Ubuntu 22.04.1 LTS
| Command      : report_timing_summary -file timing_summary.log
| Design       : main
| Device       : 7a15t-cpg236
| Speed File   : -1  PRODUCTION 1.23 2018-06-13
------------------------------------------------------------------------------------

Timing Summary Report

------------------------------------------------------------------------------------------------
| Timer Settings
| --------------
------------------------------------------------------------------------------------------------

  Enable Multi Corner Analysis               :  Yes
  Enable Pessimism Removal                   :  Yes
  Pessimism Removal Resolution               :  Nearest Common Node
  Enable Input Delay Default Clock           :  No
  Enable Preset / Clear Arcs                 :  No
  Disable Flight Delays                      :  No
  Ignore I/O Paths                           :  No
  Timing Early Launch at Borrowing Latches   :  No
  Borrow Time for Max Delay Exceptions       :  Yes
  Merge Timing Exceptions                    :  Yes

  Corner  Analyze    Analyze    
  Name    Max Paths  Min Paths  
  ------  ---------  ---------  
  Slow    Yes        Yes        
  Fast    Yes        Yes        


------------------------------------------------------------------------------------------------
| Report Methodology
| ------------------
------------------------------------------------------------------------------------------------

No report available as report_methodology has not been run prior. Run report_methodology on the current design for the summary of methodology violations.



check_timing report

Table of Contents
-----------------
1. checking no_clock (20)
2. checking constant_clock (0)
3. checking pulse_width_clock (0)
4. checking unconstrained_internal_endpoints (2)
5. checking no_input_delay (2)
6. checking no_output_delay (8)
7. checking multiple_clock (0)
8. checking generated_clocks (0)
9. checking loops (0)
10. checking partial_input_delay (0)
11. checking partial_output_delay (0)
12. checking latch_loops (0)

1. checking no_clock (20)
-------------------------
 There is 1 register/latch pin with no clock driven by root clock pin: LED_FADER0/out_reg[0]/Q (HIGH)

 There is 1 register/latch pin with no clock driven by root clock pin: LED_FADER0/out_reg[1]/Q (HIGH)

 There is 1 register/latch pin with no clock driven by root clock pin: LED_FADER0/out_reg[2]/Q (HIGH)

 There is 1 register/latch pin with no clock driven by root clock pin: LED_FADER0/out_reg[3]/Q (HIGH)

 There is 1 register/latch pin with no clock driven by root clock pin: LED_FADER0/out_reg[4]/Q (HIGH)

 There is 1 register/latch pin with no clock driven by root clock pin: LED_FADER0/out_reg[5]/Q (HIGH)

 There is 1 register/latch pin with no clock driven by root clock pin: LED_FADER0/out_reg[6]/Q (HIGH)

 There is 1 register/latch pin with no clock driven by root clock pin: LED_FADER0/out_reg[7]/Q (HIGH)

 There is 1 register/latch pin with no clock driven by root clock pin: LED_FADER0/out_reg[8]/Q (HIGH)

 There is 1 register/latch pin with no clock driven by root clock pin: LED_FADER0/state_reg/Q (HIGH)

 There is 1 register/latch pin with no clock driven by root clock pin: LED_FADER1/out_reg[0]/Q (HIGH)

 There is 1 register/latch pin with no clock driven by root clock pin: LED_FADER1/out_reg[1]/Q (HIGH)

 There is 1 register/latch pin with no clock driven by root clock pin: LED_FADER1/out_reg[2]/Q (HIGH)

 There is 1 register/latch pin with no clock driven by root clock pin: LED_FADER1/out_reg[3]/Q (HIGH)

 There is 1 register/latch pin with no clock driven by root clock pin: LED_FADER1/out_reg[4]/Q (HIGH)

 There is 1 register/latch pin with no clock driven by root clock pin: LED_FADER1/out_reg[5]/Q (HIGH)

 There is 1 register/latch pin with no clock driven by root clock pin: LED_FADER1/out_reg[6]/Q (HIGH)

 There is 1 register/latch pin with no clock driven by root clock pin: LED_FADER1/out_reg[7]/Q (HIGH)

 There is 1 register/latch pin with no clock driven by root clock pin: LED_FADER1/out_reg[8]/Q (HIGH)

 There is 1 register/latch pin with no clock driven by root clock pin: LED_FADER1/state_reg/Q (HIGH)


2. checking constant_clock (0)
------------------------------
 There are 0 register/latch pins with constant_clock.


3. checking pulse_width_clock (0)
---------------------------------
 There are 0 register/latch pins which need pulse_width check


4. checking unconstrained_internal_endpoints (2)
------------------------------------------------
 There are 2 pins that are not constrained for maximum delay. (HIGH)

 There are 0 pins that are not constrained for maximum delay due to constant clock.


5. checking no_input_delay (2)
------------------------------
 There are 2 input ports with no input delay specified. (HIGH)

 There are 0 input ports with no input delay but user has a false path constraint.


6. checking no_output_delay (8)
-------------------------------
 There are 8 ports with no output delay specified. (HIGH)

 There are 0 ports with no output delay but user has a false path constraint

 There are 0 ports with no output delay but with a timing clock defined on it or propagating through it


7. checking multiple_clock (0)
------------------------------
 There are 0 register/latch pins with multiple clocks.


8. checking generated_clocks (0)
--------------------------------
 There are 0 generated clocks that are not connected to a clock source.


9. checking loops (0)
---------------------
 There are 0 combinational loops in the design.


10. checking partial_input_delay (0)
------------------------------------
 There are 0 input ports with partial input delay specified.


11. checking partial_output_delay (0)
-------------------------------------
 There are 0 ports with partial output delay specified.


12. checking latch_loops (0)
----------------------------
 There are 0 combinational latch loops in the design through latch input



------------------------------------------------------------------------------------------------
| Design Timing Summary
| ---------------------
------------------------------------------------------------------------------------------------

    WNS(ns)      TNS(ns)  TNS Failing Endpoints  TNS Total Endpoints      WHS(ns)      THS(ns)  THS Failing Endpoints  THS Total Endpoints     WPWS(ns)     TPWS(ns)  TPWS Failing Endpoints  TPWS Total Endpoints  
    -------      -------  ---------------------  -------------------      -------      -------  ---------------------  -------------------     --------     --------  ----------------------  --------------------  
      7.321        0.000                      0                  847        0.114        0.000                      0                  847        7.638        0.000                       0                   339  


All user specified timing constraints are met.


------------------------------------------------------------------------------------------------
| Clock Summary
| -------------
------------------------------------------------------------------------------------------------

Clock           Waveform(ns)       Period(ns)      Frequency(MHz)
-----           ------------       ----------      --------------
sys_clk_pin     {0.000 41.660}     83.330          12.000          
  clk_feedback  {0.000 41.665}     83.330          12.000          
  pmod_OBUF[0]  {0.000 8.138}      16.275          61.442          


------------------------------------------------------------------------------------------------
| Intra Clock Table
| -----------------
------------------------------------------------------------------------------------------------

Clock               WNS(ns)      TNS(ns)  TNS Failing Endpoints  TNS Total Endpoints      WHS(ns)      THS(ns)  THS Failing Endpoints  THS Total Endpoints     WPWS(ns)     TPWS(ns)  TPWS Failing Endpoints  TPWS Total Endpoints  
-----               -------      -------  ---------------------  -------------------      -------      -------  ---------------------  -------------------     --------     --------  ----------------------  --------------------  
sys_clk_pin                                                                                                                                                      16.670        0.000                       0                     1  
  clk_feedback                                                                                                                                                   16.670        0.000                       0                     2  
  pmod_OBUF[0]        7.321        0.000                      0                  847        0.114        0.000                      0                  847        7.638        0.000                       0                   336  


------------------------------------------------------------------------------------------------
| Inter Clock Table
| -----------------
------------------------------------------------------------------------------------------------

From Clock    To Clock          WNS(ns)      TNS(ns)  TNS Failing Endpoints  TNS Total Endpoints      WHS(ns)      THS(ns)  THS Failing Endpoints  THS Total Endpoints  
----------    --------          -------      -------  ---------------------  -------------------      -------      -------  ---------------------  -------------------  


------------------------------------------------------------------------------------------------
| Other Path Groups Table
| -----------------------
------------------------------------------------------------------------------------------------

Path Group    From Clock    To Clock          WNS(ns)      TNS(ns)  TNS Failing Endpoints  TNS Total Endpoints      WHS(ns)      THS(ns)  THS Failing Endpoints  THS Total Endpoints  
----------    ----------    --------          -------      -------  ---------------------  -------------------      -------      -------  ---------------------  -------------------  


------------------------------------------------------------------------------------------------
| Timing Details
| --------------
------------------------------------------------------------------------------------------------


---------------------------------------------------------------------------------------------------
From Clock:  sys_clk_pin
  To Clock:  sys_clk_pin

Setup :           NA  Failing Endpoints,  Worst Slack           NA  ,  Total Violation           NA
Hold  :           NA  Failing Endpoints,  Worst Slack           NA  ,  Total Violation           NA
PW    :            0  Failing Endpoints,  Worst Slack       16.670ns,  Total Violation        0.000ns
---------------------------------------------------------------------------------------------------


Pulse Width Checks
--------------------------------------------------------------------------------------
Clock Name:         sys_clk_pin
Waveform(ns):       { 0.000 41.660 }
Period(ns):         83.330
Sources:            { sysclk }

Check Type        Corner  Lib Pin            Reference Pin  Required(ns)  Actual(ns)  Slack(ns)  Location         Pin
Min Period        n/a     MMCME2_ADV/CLKIN1  n/a            1.249         83.330      82.081     MMCME2_ADV_X0Y0  MMCME2_BASE_inst/CLKIN1
Max Period        n/a     MMCME2_ADV/CLKIN1  n/a            100.000       83.330      16.670     MMCME2_ADV_X0Y0  MMCME2_BASE_inst/CLKIN1
Low Pulse Width   Slow    MMCME2_ADV/CLKIN1  n/a            10.000        41.670      31.670     MMCME2_ADV_X0Y0  MMCME2_BASE_inst/CLKIN1
High Pulse Width  Slow    MMCME2_ADV/CLKIN1  n/a            10.000        41.660      31.660     MMCME2_ADV_X0Y0  MMCME2_BASE_inst/CLKIN1



---------------------------------------------------------------------------------------------------
From Clock:  clk_feedback
  To Clock:  clk_feedback

Setup :           NA  Failing Endpoints,  Worst Slack           NA  ,  Total Violation           NA
Hold  :           NA  Failing Endpoints,  Worst Slack           NA  ,  Total Violation           NA
PW    :            0  Failing Endpoints,  Worst Slack       16.670ns,  Total Violation        0.000ns
---------------------------------------------------------------------------------------------------


Pulse Width Checks
--------------------------------------------------------------------------------------
Clock Name:         clk_feedback
Waveform(ns):       { 0.000 41.665 }
Period(ns):         83.330
Sources:            { MMCME2_BASE_inst/CLKFBOUT }

Check Type  Corner  Lib Pin              Reference Pin  Required(ns)  Actual(ns)  Slack(ns)  Location         Pin
Min Period  n/a     MMCME2_ADV/CLKFBOUT  n/a            1.249         83.330      82.081     MMCME2_ADV_X0Y0  MMCME2_BASE_inst/CLKFBOUT
Max Period  n/a     MMCME2_ADV/CLKFBIN   n/a            100.000       83.330      16.670     MMCME2_ADV_X0Y0  MMCME2_BASE_inst/CLKFBIN



---------------------------------------------------------------------------------------------------
From Clock:  pmod_OBUF[0]
  To Clock:  pmod_OBUF[0]

Setup :            0  Failing Endpoints,  Worst Slack        7.321ns,  Total Violation        0.000ns
Hold  :            0  Failing Endpoints,  Worst Slack        0.114ns,  Total Violation        0.000ns
PW    :            0  Failing Endpoints,  Worst Slack        7.638ns,  Total Violation        0.000ns
---------------------------------------------------------------------------------------------------


Max Delay Paths
--------------------------------------------------------------------------------------
Slack (MET) :             7.321ns  (required time - arrival time)
  Source:                 ILI9341/pixel_y_reg[2]/C
                            (rising edge-triggered cell FDRE clocked by pmod_OBUF[0]  {rise@0.000ns fall@8.138ns period=16.275ns})
  Destination:            VRAM/ram_reg_1_0__0/ENBWREN
                            (rising edge-triggered cell RAMB36E1 clocked by pmod_OBUF[0]  {rise@0.000ns fall@8.138ns period=16.275ns})
  Path Group:             pmod_OBUF[0]
  Path Type:              Setup (Max at Slow Process Corner)
  Requirement:            16.275ns  (pmod_OBUF[0] rise@16.275ns - pmod_OBUF[0] rise@0.000ns)
  Data Path Delay:        8.286ns  (logic 4.032ns (48.658%)  route 4.254ns (51.342%))
  Logic Levels:           10  (CARRY4=6 LUT2=2 LUT3=1 LUT4=1)
  Clock Path Skew:        0.013ns (DCD - SCD + CPR)
    Destination Clock Delay (DCD):    5.824ns = ( 22.100 - 16.275 ) 
    Source Clock Delay      (SCD):    6.122ns
    Clock Pessimism Removal (CPR):    0.311ns
  Clock Uncertainty:      0.036ns  ((TSJ^2 + DJ^2)^1/2) / 2 + PE
    Total System Jitter     (TSJ):    0.071ns
    Discrete Jitter          (DJ):    0.009ns
    Phase Error              (PE):    0.000ns

    Location             Delay type                Incr(ns)  Path(ns)    Netlist Resource(s)
  -------------------------------------------------------------------    -------------------
                         (clock pmod_OBUF[0] rise edge)
                                                      0.000     0.000 r  
    L17                                               0.000     0.000 r  sysclk (IN)
                         net (fo=0)                   0.000     0.000    sysclk
    L17                  IBUF (Prop_ibuf_I_O)         1.476     1.476 r  sysclk_IBUF_inst/O
                         net (fo=2, routed)           1.233     2.709    pmod_OBUF[1]
    MMCME2_ADV_X0Y0      MMCME2_ADV (Prop_mmcme2_adv_CLKIN1_CLKOUT0)
                                                      0.088     2.797 r  MMCME2_BASE_inst/CLKOUT0
                         net (fo=1, routed)           1.666     4.464    pmod_OBUF[0]
    BUFGCTRL_X0Y0        BUFG (Prop_bufg_I_O)         0.096     4.560 r  pmod_OBUF_BUFG[0]_inst/O
                         net (fo=336, routed)         1.562     6.122    ILI9341/pmod_OBUF_BUFG[0]
    SLICE_X48Y16         FDRE                                         r  ILI9341/pixel_y_reg[2]/C
  -------------------------------------------------------------------    -------------------
    SLICE_X48Y16         FDRE (Prop_fdre_C_Q)         0.419     6.541 r  ILI9341/pixel_y_reg[2]/Q
                         net (fo=14, routed)          0.805     7.346    ILI9341/Q[0]
    SLICE_X51Y15         LUT2 (Prop_lut2_I0_O)        0.296     7.642 r  ILI9341/vram_rd_addr1_carry__0_i_4/O
                         net (fo=1, routed)           0.000     7.642    ILI9341/vram_rd_addr1_carry__0_i_4_n_0
    SLICE_X51Y15         CARRY4 (Prop_carry4_S[0]_CO[3])
                                                      0.532     8.174 r  ILI9341/vram_rd_addr1_carry__0/CO[3]
                         net (fo=1, routed)           0.000     8.174    ILI9341/vram_rd_addr1_carry__0_n_0
    SLICE_X51Y16         CARRY4 (Prop_carry4_CI_O[0])
                                                      0.222     8.396 r  ILI9341/vram_rd_addr1_carry__1/O[0]
                         net (fo=2, routed)           0.658     9.055    ILI9341/vram_rd_addr1_carry__1_n_7
    SLICE_X50Y16         LUT3 (Prop_lut3_I1_O)        0.328     9.383 r  ILI9341/vram_rd_addr1__29_carry__0_i_1/O
                         net (fo=2, routed)           0.708    10.091    ILI9341/vram_rd_addr1__29_carry__0_i_1_n_0
    SLICE_X50Y16         LUT4 (Prop_lut4_I3_O)        0.331    10.422 r  ILI9341/vram_rd_addr1__29_carry__0_i_5/O
                         net (fo=1, routed)           0.000    10.422    ILI9341/vram_rd_addr1__29_carry__0_i_5_n_0
    SLICE_X50Y16         CARRY4 (Prop_carry4_S[3]_CO[3])
                                                      0.376    10.798 r  ILI9341/vram_rd_addr1__29_carry__0/CO[3]
                         net (fo=1, routed)           0.000    10.798    ILI9341/vram_rd_addr1__29_carry__0_n_0
    SLICE_X50Y17         CARRY4 (Prop_carry4_CI_O[1])
                                                      0.323    11.121 r  ILI9341/vram_rd_addr1__29_carry__1/O[1]
                         net (fo=1, routed)           0.744    11.865    ILI9341/vram_rd_addr1[15]
    SLICE_X50Y13         CARRY4 (Prop_carry4_S[3]_CO[3])
                                                      0.682    12.547 r  ILI9341/ram_reg_0_0_i_3/CO[3]
                         net (fo=1, routed)           0.000    12.547    ILI9341/ram_reg_0_0_i_3_n_0
    SLICE_X50Y14         CARRY4 (Prop_carry4_CI_O[0])
                                                      0.232    12.779 r  ILI9341/ram_reg_mux_sel_b_pos_0_i_1/O[0]
                         net (fo=3, routed)           0.581    13.359    VRAM/vram_rd_addr[12]
    SLICE_X51Y13         LUT2 (Prop_lut2_I0_O)        0.291    13.650 r  VRAM/ram_reg_1_0__0_i_2/O
                         net (fo=2, routed)           0.758    14.408    VRAM/ram_reg_1_0__0_i_2_n_0
    RAMB36_X2Y1          RAMB36E1                                     r  VRAM/ram_reg_1_0__0/ENBWREN
  -------------------------------------------------------------------    -------------------

                         (clock pmod_OBUF[0] rise edge)
                                                     16.275    16.275 r  
    L17                                               0.000    16.275 r  sysclk (IN)
                         net (fo=0)                   0.000    16.275    sysclk
    L17                  IBUF (Prop_ibuf_I_O)         1.406    17.681 r  sysclk_IBUF_inst/O
                         net (fo=2, routed)           1.162    18.843    pmod_OBUF[1]
    MMCME2_ADV_X0Y0      MMCME2_ADV (Prop_mmcme2_adv_CLKIN1_CLKOUT0)
                                                      0.083    18.926 r  MMCME2_BASE_inst/CLKOUT0
                         net (fo=1, routed)           1.587    20.513    pmod_OBUF[0]
    BUFGCTRL_X0Y0        BUFG (Prop_bufg_I_O)         0.091    20.604 r  pmod_OBUF_BUFG[0]_inst/O
                         net (fo=336, routed)         1.496    22.100    VRAM/pmod_OBUF_BUFG[0]
    RAMB36_X2Y1          RAMB36E1                                     r  VRAM/ram_reg_1_0__0/CLKBWRCLK
                         clock pessimism              0.311    22.411    
                         clock uncertainty           -0.036    22.375    
    RAMB36_X2Y1          RAMB36E1 (Setup_ramb36e1_CLKBWRCLK_ENBWREN)
                                                     -0.646    21.729    VRAM/ram_reg_1_0__0
  -------------------------------------------------------------------
                         required time                         21.729    
                         arrival time                         -14.408    
  -------------------------------------------------------------------
                         slack                                  7.321    





Min Delay Paths
--------------------------------------------------------------------------------------
Slack (MET) :             0.114ns  (arrival time - required time)
  Source:                 vram_wr_addr_reg[11]/C
                            (rising edge-triggered cell FDRE clocked by pmod_OBUF[0]  {rise@0.000ns fall@8.138ns period=16.275ns})
  Destination:            VRAM/ram_reg_0_0/ADDRARDADDR[11]
                            (rising edge-triggered cell RAMB36E1 clocked by pmod_OBUF[0]  {rise@0.000ns fall@8.138ns period=16.275ns})
  Path Group:             pmod_OBUF[0]
  Path Type:              Hold (Min at Fast Process Corner)
  Requirement:            0.000ns  (pmod_OBUF[0] rise@0.000ns - pmod_OBUF[0] rise@0.000ns)
  Data Path Delay:        0.373ns  (logic 0.141ns (37.851%)  route 0.232ns (62.149%))
  Logic Levels:           0  
  Clock Path Skew:        0.075ns (DCD - SCD - CPR)
    Destination Clock Delay (DCD):    2.401ns
    Source Clock Delay      (SCD):    1.813ns
    Clock Pessimism Removal (CPR):    0.512ns

    Location             Delay type                Incr(ns)  Path(ns)    Netlist Resource(s)
  -------------------------------------------------------------------    -------------------
                         (clock pmod_OBUF[0] rise edge)
                                                      0.000     0.000 r  
    L17                                               0.000     0.000 r  sysclk (IN)
                         net (fo=0)                   0.000     0.000    sysclk
    L17                  IBUF (Prop_ibuf_I_O)         0.244     0.244 r  sysclk_IBUF_inst/O
                         net (fo=2, routed)           0.440     0.684    pmod_OBUF[1]
    MMCME2_ADV_X0Y0      MMCME2_ADV (Prop_mmcme2_adv_CLKIN1_CLKOUT0)
                                                      0.050     0.734 r  MMCME2_BASE_inst/CLKOUT0
                         net (fo=1, routed)           0.489     1.223    pmod_OBUF[0]
    BUFGCTRL_X0Y0        BUFG (Prop_bufg_I_O)         0.026     1.249 r  pmod_OBUF_BUFG[0]_inst/O
                         net (fo=336, routed)         0.564     1.813    pmod_OBUF_BUFG[0]
    SLICE_X51Y11         FDRE                                         r  vram_wr_addr_reg[11]/C
  -------------------------------------------------------------------    -------------------
    SLICE_X51Y11         FDRE (Prop_fdre_C_Q)         0.141     1.954 r  vram_wr_addr_reg[11]/Q
                         net (fo=6, routed)           0.232     2.185    VRAM/Q[11]
    RAMB36_X1Y2          RAMB36E1                                     r  VRAM/ram_reg_0_0/ADDRARDADDR[11]
  -------------------------------------------------------------------    -------------------

                         (clock pmod_OBUF[0] rise edge)
                                                      0.000     0.000 r  
    L17                                               0.000     0.000 r  sysclk (IN)
                         net (fo=0)                   0.000     0.000    sysclk
    L17                  IBUF (Prop_ibuf_I_O)         0.432     0.432 r  sysclk_IBUF_inst/O
                         net (fo=2, routed)           0.480     0.912    pmod_OBUF[1]
    MMCME2_ADV_X0Y0      MMCME2_ADV (Prop_mmcme2_adv_CLKIN1_CLKOUT0)
                                                      0.053     0.965 r  MMCME2_BASE_inst/CLKOUT0
                         net (fo=1, routed)           0.534     1.498    pmod_OBUF[0]
    BUFGCTRL_X0Y0        BUFG (Prop_bufg_I_O)         0.029     1.527 r  pmod_OBUF_BUFG[0]_inst/O
                         net (fo=336, routed)         0.873     2.401    VRAM/pmod_OBUF_BUFG[0]
    RAMB36_X1Y2          RAMB36E1                                     r  VRAM/ram_reg_0_0/CLKARDCLK
                         clock pessimism             -0.512     1.888    
    RAMB36_X1Y2          RAMB36E1 (Hold_ramb36e1_CLKARDCLK_ADDRARDADDR[11])
                                                      0.183     2.071    VRAM/ram_reg_0_0
  -------------------------------------------------------------------
                         required time                         -2.071    
                         arrival time                           2.185    
  -------------------------------------------------------------------
                         slack                                  0.114    





Pulse Width Checks
--------------------------------------------------------------------------------------
Clock Name:         pmod_OBUF[0]
Waveform(ns):       { 0.000 8.138 }
Period(ns):         16.275
Sources:            { MMCME2_BASE_inst/CLKOUT0 }

Check Type        Corner  Lib Pin             Reference Pin  Required(ns)  Actual(ns)  Slack(ns)  Location         Pin
Min Period        n/a     RAMB36E1/CLKARDCLK  n/a            3.363         16.275      12.912     RAMB36_X1Y2      VRAM/ram_reg_0_0/CLKARDCLK
Max Period        n/a     MMCME2_ADV/CLKOUT0  n/a            213.360       16.275      197.085    MMCME2_ADV_X0Y0  MMCME2_BASE_inst/CLKOUT0
Low Pulse Width   Slow    FDSE/C              n/a            0.500         8.138       7.638      SLICE_X52Y11     FSM_onehot_state_reg[0]/C
High Pulse Width  Slow    FDSE/C              n/a            0.500         8.138       7.638      SLICE_X52Y11     FSM_onehot_state_reg[0]/C



